[2020-02-17T22:04:26.496] [DEBUG] everything - 程序启动:创建本机TCP Server 监听端口5001!
[2020-02-17T22:04:30.343] [DEBUG] everything - 设备上线 ON Line!
[2020-02-17T22:05:27.424] [DEBUG] everything - 程序启动:创建本机TCP Server 监听端口5001!
[2020-02-17T22:05:29.527] [DEBUG] everything - 设备上线 ON Line!
[2020-02-17T22:07:52.585] [DEBUG] everything - 程序启动:创建本机TCP Server 监听端口5001!
[2020-02-17T22:07:53.968] [DEBUG] everything - 设备上线 ON Line!
[2020-02-17T22:07:55.094] [DEBUG] everything - 接收到SUM校验正确报文:4040899101590f180610021401000000000000000000000030000202010101005a0016004000202020202020202020202020202020202020202020202020202020202020200f1806100214e22323
[2020-02-17T22:07:55.095] [DEBUG] everything - 解析数据:{
 "启动符": "@@",
 "业务流水号": "8991",
 "协议版本号": "0159",
 "时间标签": "2020年2月16日6时24分15秒",
 "原地址": "000000000001",
 "目的地址": "000000000000",
 "应用数据单元长度": "0030",
 "命令控制字": "02",
 "类型标志": "上传建筑消防设施部件运行状态",
 "信息对象数目": "01",
 "系统类型标志": "火灾报警系统",
 "系统地址": "01",
 "部件类型": "通用",
 "部件地址": "02290",
 "部件状态": "反馈",
 "部件说明": "202020202020202020202020202020202020202020202020202020202020",
 "校验和": "e2",
 "结束符": "##"
}
[2020-02-17T22:07:55.096] [DEBUG] everything - ---------发送应答报文:4040899101590f1806100214010000000000000000000000000003cb2323
[2020-02-17T22:10:47.964] [DEBUG] everything - 接收到SUM校验正确报文:4040899101590f180610021401000000000000000000000030000202010101005a0016004000202020202020202020202020202020202020202020202020202020202020200f1806100214e22323
[2020-02-17T22:10:47.965] [DEBUG] everything - 解析数据:{
 "启动符": "@@",
 "业务流水号": "8991",
 "协议版本号": "0159",
 "时间标签": "2020年2月16日6时24分15秒",
 "原地址": "000000000001",
 "目的地址": "000000000000",
 "应用数据单元长度": "0030",
 "命令控制字": "02",
 "类型标志": "上传建筑消防设施部件运行状态",
 "信息对象数目": "01",
 "系统类型标志": "火灾报警系统",
 "系统地址": "01",
 "部件类型": "通用",
 "部件地址": "02290",
 "部件状态": "反馈",
 "部件说明": "202020202020202020202020202020202020202020202020202020202020",
 "校验和": "e2",
 "结束符": "##"
}
[2020-02-17T22:10:47.965] [DEBUG] everything - ---------发送应答报文:4040899101590f1806100214010000000000000000000000000003cb2323
[2020-02-17T22:10:57.388] [DEBUG] everything - 程序启动:创建本机TCP Server 监听端口5001!
[2020-02-17T22:11:00.062] [DEBUG] everything - 设备上线 ON Line!
[2020-02-17T22:12:09.903] [DEBUG] everything - 程序启动:创建本机TCP Server 监听端口5001!
[2020-02-17T22:12:11.216] [DEBUG] everything - 设备上线 ON Line!
[2020-02-17T22:12:12.201] [DEBUG] everything - 接收到SUM校验正确报文:4040899101590f180610021401000000000000000000000030000202010101005a0016004000202020202020202020202020202020202020202020202020202020202020200f1806100214e22323
[2020-02-17T22:12:12.202] [DEBUG] everything - 解析数据:{
 "启动符": "@@",
 "业务流水号": "8991",
 "协议版本号": "0159",
 "时间标签": "2020年2月16日6时24分15秒",
 "原地址": "000000000001",
 "目的地址": "000000000000",
 "应用数据单元长度": "0030",
 "命令控制字": "02",
 "类型标志": "上传建筑消防设施部件运行状态",
 "信息对象数目": "01",
 "系统类型标志": "火灾报警系统",
 "系统地址": "01",
 "部件类型": "通用",
 "部件地址": "022090",
 "部件状态": "反馈",
 "部件说明": "202020202020202020202020202020202020202020202020202020202020",
 "校验和": "e2",
 "结束符": "##"
}
[2020-02-17T22:12:12.203] [DEBUG] everything - ---------发送应答报文:4040899101590f1806100214010000000000000000000000000003cb2323
[2020-02-17T22:12:15.356] [DEBUG] everything - 设备下线 OFF Line！ 
[2020-02-17T22:19:51.611] [DEBUG] everything - 程序启动:创建本机TCP Server 监听端口5001!
[2020-02-17T22:20:01.355] [DEBUG] everything - 设备上线 ON Line!
[2020-02-17T22:20:02.380] [DEBUG] everything - 接收到SUM校验正确报文:4040899101590f180610021401000000000000000000000030000202010101005a0016004000202020202020202020202020202020202020202020202020202020202020200f1806100214e22323
[2020-02-17T22:20:02.381] [DEBUG] everything - 解析数据:{
 "启动符": "@@",
 "业务流水号": "8991",
 "协议版本号": "0159",
 "时间标签": "2020年2月16日6时24分15秒",
 "原地址": "000000000001",
 "目的地址": "000000000000",
 "应用数据单元长度": "0030",
 "命令控制字": "02",
 "类型标志": "上传建筑消防设施部件运行状态",
 "信息对象数目": "01",
 "系统类型标志": "火灾报警系统",
 "系统地址": "01",
 "部件类型": "通用",
 "部件地址": "022090",
 "部件状态": "反馈",
 "部件说明": "202020202020202020202020202020202020202020202020202020202020",
 "校验和": "e2",
 "结束符": "##"
}
[2020-02-17T22:20:02.382] [DEBUG] everything - ---------发送应答报文:4040899101590f1806100214010000000000000000000000000003cb2323
[2020-02-17T22:20:03.202] [DEBUG] everything - 接收到SUM校验正确报文:4040899101590f180610021401000000000000000000000030000202010101005a0016004000202020202020202020202020202020202020202020202020202020202020200f1806100214e22323
[2020-02-17T22:20:03.203] [DEBUG] everything - 解析数据:{
 "启动符": "@@",
 "业务流水号": "8991",
 "协议版本号": "0159",
 "时间标签": "2020年2月16日6时24分15秒",
 "原地址": "000000000001",
 "目的地址": "000000000000",
 "应用数据单元长度": "0030",
 "命令控制字": "02",
 "类型标志": "上传建筑消防设施部件运行状态",
 "信息对象数目": "01",
 "系统类型标志": "火灾报警系统",
 "系统地址": "01",
 "部件类型": "通用",
 "部件地址": "022090",
 "部件状态": "反馈",
 "部件说明": "202020202020202020202020202020202020202020202020202020202020",
 "校验和": "e2",
 "结束符": "##"
}
[2020-02-17T22:20:03.203] [DEBUG] everything - ---------发送应答报文:4040899101590f1806100214010000000000000000000000000003cb2323
[2020-02-17T22:20:03.747] [DEBUG] everything - 接收到SUM校验正确报文:4040899101590f180610021401000000000000000000000030000202010101005a0016004000202020202020202020202020202020202020202020202020202020202020200f1806100214e22323
[2020-02-17T22:20:03.748] [DEBUG] everything - 解析数据:{
 "启动符": "@@",
 "业务流水号": "8991",
 "协议版本号": "0159",
 "时间标签": "2020年2月16日6时24分15秒",
 "原地址": "000000000001",
 "目的地址": "000000000000",
 "应用数据单元长度": "0030",
 "命令控制字": "02",
 "类型标志": "上传建筑消防设施部件运行状态",
 "信息对象数目": "01",
 "系统类型标志": "火灾报警系统",
 "系统地址": "01",
 "部件类型": "通用",
 "部件地址": "022090",
 "部件状态": "反馈",
 "部件说明": "202020202020202020202020202020202020202020202020202020202020",
 "校验和": "e2",
 "结束符": "##"
}
[2020-02-17T22:20:03.748] [DEBUG] everything - ---------发送应答报文:4040899101590f1806100214010000000000000000000000000003cb2323
[2020-02-17T22:20:04.480] [DEBUG] everything - 接收到SUM校验正确报文:4040899101590f180610021401000000000000000000000030000202010101005a0016004000202020202020202020202020202020202020202020202020202020202020200f1806100214e22323
[2020-02-17T22:20:04.481] [DEBUG] everything - 解析数据:{
 "启动符": "@@",
 "业务流水号": "8991",
 "协议版本号": "0159",
 "时间标签": "2020年2月16日6时24分15秒",
 "原地址": "000000000001",
 "目的地址": "000000000000",
 "应用数据单元长度": "0030",
 "命令控制字": "02",
 "类型标志": "上传建筑消防设施部件运行状态",
 "信息对象数目": "01",
 "系统类型标志": "火灾报警系统",
 "系统地址": "01",
 "部件类型": "通用",
 "部件地址": "022090",
 "部件状态": "反馈",
 "部件说明": "202020202020202020202020202020202020202020202020202020202020",
 "校验和": "e2",
 "结束符": "##"
}
[2020-02-17T22:20:04.481] [DEBUG] everything - ---------发送应答报文:4040899101590f1806100214010000000000000000000000000003cb2323
[2020-02-17T22:21:45.374] [DEBUG] everything - 程序启动:创建本机TCP Server 监听端口5001!
[2020-02-17T22:21:48.687] [DEBUG] everything - 设备上线 ON Line!
[2020-02-17T22:22:24.165] [DEBUG] everything - 程序启动:创建本机TCP Server 监听端口5001!
[2020-02-17T22:22:27.827] [DEBUG] everything - 设备上线 ON Line!
[2020-02-17T22:22:28.763] [DEBUG] everything - 接收到SUM校验正确报文:4040b40301593826170b02140100000000000000000000000800021c013826170b0214652323
[2020-02-17T22:22:28.763] [DEBUG] everything - 解析数据:{
 "启动符": "@@",
 "业务流水号": "b403",
 "协议版本号": "0159",
 "时间标签": "2020年2月11日23时38分56秒",
 "原地址": "000000000001",
 "目的地址": "000000000000",
 "应用数据单元长度": "0008",
 "命令控制字": "02",
 "类型标志": "上传用户信息传输装置系统时间",
 "信息对象数目": "01",
 "信息内容": "2020年2月11日23时38分56秒",
 "校验和": "65",
 "结束符": "##"
}
[2020-02-17T22:22:28.764] [DEBUG] everything - ---------发送应答报文:4040b40301593826170b0214010000000000000000000000000003ab2323
[2020-02-17T22:22:31.678] [DEBUG] everything - 设备下线 OFF Line！ 
