[2020-02-11T20:20:20.420] [DEBUG] everything - 程序启动:创建本机TCP Server 监听端口5001!
[2020-02-11T20:20:34.177] [DEBUG] everything - 设备上线 ON Line!
[2020-02-11T20:20:35.185] [DEBUG] everything - 接收到SUM校验正确报文:4040000001591a1f0a0d01140100000000000000000000000800021c011a1f0a0d01144c2323
[2020-02-11T20:20:35.186] [DEBUG] everything - 解析数据:{
 "启动符": "@@",
 "业务流水号": "0000",
 "协议版本号": "0159",
 "时间标签": "2020年1月13日10时51分26秒",
 "原地址": "000000000001",
 "目的地址": "000000000000",
 "应用数据单元长度": "0008",
 "命令控制字": "02",
 "类型标志": "上传用户信息装置系统时间",
 "信息对象数目": "01",
 "信息对象1": "2020年1月13日10时51分26秒",
 "校验和": "4c",
 "结束符": "##"
}
[2020-02-11T20:20:35.187] [DEBUG] everything - ---------发送应答报文:4040000001591a1f0a0d0114010000000000000000000000080003cb2323
[2020-02-11T20:46:36.438] [DEBUG] everything - 程序启动:创建本机TCP Server 监听端口5001!
[2020-02-11T20:46:38.699] [DEBUG] everything - 设备上线 ON Line!
[2020-02-11T20:46:41.062] [DEBUG] everything - 接收到SUM校验正确报文:4040000001591a1f0a0d01140100000000000000000000000800021c011a1f0a0d01144c2323
[2020-02-11T20:46:41.062] [DEBUG] everything - 解析数据:{
 "启动符": "@@",
 "业务流水号": "0000",
 "协议版本号": "0159",
 "时间标签": "2020年1月13日10时51分26秒",
 "原地址": "000000000001",
 "目的地址": "000000000000",
 "应用数据单元长度": "0008",
 "命令控制字": "02",
 "类型标志": "上传用户信息装置系统时间",
 "信息对象数目": "01",
 "信息对象1": "2020年1月13日10时51分26秒",
 "校验和": "4c",
 "结束符": "##"
}
[2020-02-11T20:46:41.063] [DEBUG] everything - ---------发送应答报文:4040000001591a1f0a0d0114010000000000000000000000080003cb2323
[2020-02-11T20:46:51.092] [DEBUG] everything - 接收到SUM校验正确报文:4040000001591a1f0a0d01140100000000000000000000000800021c011a1f0a0d01144c2323
[2020-02-11T20:46:51.093] [DEBUG] everything - 解析数据:{
 "启动符": "@@",
 "业务流水号": "0000",
 "协议版本号": "0159",
 "时间标签": "2020年1月13日10时51分26秒",
 "原地址": "000000000001",
 "目的地址": "000000000000",
 "应用数据单元长度": "0008",
 "命令控制字": "02",
 "类型标志": "上传用户信息装置系统时间",
 "信息对象数目": "01",
 "信息对象1": "2020年1月13日10时51分26秒",
 "校验和": "4c",
 "结束符": "##"
}
[2020-02-11T20:46:51.093] [DEBUG] everything - ---------发送应答报文:4040000001591a1f0a0d0114010000000000000000000000080003cb2323
[2020-02-11T20:46:55.464] [DEBUG] everything - 程序启动:创建本机TCP Server 监听端口5001!
[2020-02-11T20:46:58.104] [DEBUG] everything - 设备上线 ON Line!
[2020-02-11T20:46:59.326] [DEBUG] everything - 接收到SUM校验正确报文:4040000001591a1f0a0d01140100000000000000000000000800021c011a1f0a0d01144c2323
[2020-02-11T20:46:59.327] [DEBUG] everything - 解析数据:{
 "启动符": "@@",
 "业务流水号": "0000",
 "协议版本号": "0159",
 "时间标签": "2020年1月13日10时51分26秒",
 "原地址": "000000000001",
 "目的地址": "000000000000",
 "应用数据单元长度": "0008",
 "命令控制字": "02",
 "类型标志": "上传用户信息装置系统时间",
 "信息对象数目": "01",
 "信息对象1": "2020年1月13日10时51分26秒",
 "校验和": "4c",
 "结束符": "##"
}
[2020-02-11T20:46:59.327] [DEBUG] everything - ---------发送应答报文:4040000001591a1f0a0d0114010000000000000000000000080003cb2323
[2020-02-11T20:47:10.291] [DEBUG] everything - 接收到SUM校验正确报文:4040000001591a1f0a0d01140100000000000000000000000800021c011a1f0a0d01144c2323
[2020-02-11T20:47:10.291] [DEBUG] everything - 解析数据:{
 "启动符": "@@",
 "业务流水号": "0000",
 "协议版本号": "0159",
 "时间标签": "2020年1月13日10时51分26秒",
 "原地址": "000000000001",
 "目的地址": "000000000000",
 "应用数据单元长度": "0008",
 "命令控制字": "02",
 "类型标志": "上传用户信息装置系统时间",
 "信息对象数目": "01",
 "信息对象1": "2020年1月13日10时51分26秒",
 "校验和": "4c",
 "结束符": "##"
}
[2020-02-11T20:47:10.291] [DEBUG] everything - ---------发送应答报文:4040000001591a1f0a0d0114010000000000000000000000080003cb2323
[2020-02-11T20:47:15.115] [DEBUG] everything - 程序启动:创建本机TCP Server 监听端口5001!
[2020-02-11T20:47:23.546] [DEBUG] everything - 设备上线 ON Line!
[2020-02-11T20:47:24.446] [DEBUG] everything - 接收到SUM校验正确报文:4040000001591a1f0a0d01140100000000000000000000000800021c011a1f0a0d01144c2323
[2020-02-11T20:47:24.447] [DEBUG] everything - 解析数据:{
 "启动符": "@@",
 "业务流水号": "0000",
 "协议版本号": "0159",
 "时间标签": "2020年1月13日10时51分26秒",
 "原地址": "000000000001",
 "目的地址": "000000000000",
 "应用数据单元长度": "0008",
 "命令控制字": "02",
 "类型标志": "上传用户信息装置系统时间",
 "信息对象数目": "01",
 "信息对象1": "2020年1月13日10时51分26秒",
 "校验和": "4c",
 "结束符": "##"
}
[2020-02-11T20:47:24.448] [DEBUG] everything - ---------发送应答报文:4040000001591a1f0a0d0114010000000000000000000000080003cb2323
[2020-02-11T20:48:07.043] [DEBUG] everything - 程序启动:创建本机TCP Server 监听端口5001!
[2020-02-11T20:48:08.855] [DEBUG] everything - 设备上线 ON Line!
[2020-02-11T20:48:09.983] [DEBUG] everything - 接收到SUM校验正确报文:4040000001591a1f0a0d01140100000000000000000000000800021c011a1f0a0d01144c2323
[2020-02-11T20:48:09.983] [DEBUG] everything - 解析数据:{
 "启动符": "@@",
 "业务流水号": "0000",
 "协议版本号": "0159",
 "时间标签": "2020年1月13日10时51分26秒",
 "原地址": "000000000001",
 "目的地址": "000000000000",
 "应用数据单元长度": "0008",
 "命令控制字": "02",
 "类型标志": "上传用户信息装置系统时间",
 "信息对象数目": "01",
 "信息对象1": "2020年1月13日10时51分26秒",
 "校验和": "4c",
 "结束符": "##"
}
[2020-02-11T20:48:09.984] [DEBUG] everything - ---------发送应答报文:4040000001591a1f0a0d0114010000000000000000000000080003cb2323
[2020-02-11T20:48:15.852] [DEBUG] everything - 设备下线 OFF Line！ 
[2020-02-11T20:48:26.945] [DEBUG] everything - 程序启动:创建本机TCP Server 监听端口5001!
[2020-02-11T20:48:28.595] [DEBUG] everything - 设备上线 ON Line!
[2020-02-11T20:48:29.655] [DEBUG] everything - 接收到SUM校验正确报文:4040000001591a1f0a0d01140100000000000000000000000800021c011a1f0a0d01144c2323
[2020-02-11T20:48:29.655] [DEBUG] everything - 解析数据:{
 "启动符": "@@",
 "业务流水号": "0000",
 "协议版本号": "0159",
 "时间标签": "2020年1月13日10时51分26秒",
 "原地址": "000000000001",
 "目的地址": "000000000000",
 "应用数据单元长度": "0008",
 "命令控制字": "02",
 "类型标志": "上传用户信息装置系统时间",
 "信息对象数目": "01",
 "信息对象1": "2020年1月13日10时51分26秒",
 "校验和": "4c",
 "结束符": "##"
}
[2020-02-11T20:48:29.657] [DEBUG] everything - ---------发送应答报文:4040000001591a1f0a0d0114010000000000000000000000080003cb2323
[2020-02-11T20:48:34.574] [DEBUG] everything - 设备下线 OFF Line！ 
[2020-02-11T20:48:44.837] [DEBUG] everything - 程序启动:创建本机TCP Server 监听端口5001!
[2020-02-11T20:48:46.425] [DEBUG] everything - 设备上线 ON Line!
[2020-02-11T20:50:06.924] [DEBUG] everything - 程序启动:创建本机TCP Server 监听端口5001!
[2020-02-11T20:50:10.755] [DEBUG] everything - 设备上线 ON Line!
[2020-02-11T20:50:16.951] [DEBUG] everything - 接收到SUM校验正确报文:4040000001591a1f0a0d01140100000000000000000000000800021c011a1f0a0d01144c2323
[2020-02-11T20:50:16.953] [DEBUG] everything - 解析数据:{
 "启动符": "@@",
 "业务流水号": "0000",
 "协议版本号": "0159",
 "时间标签": "2020年1月13日10时51分26秒",
 "原地址": "000000000001",
 "目的地址": "000000000000",
 "应用数据单元长度": "0008",
 "命令控制字": "02",
 "类型标志": "上传用户信息装置系统时间",
 "信息对象数目": "01",
 "信息对象1": "2020年1月13日10时51分26秒",
 "校验和": "4c",
 "结束符": "##"
}
[2020-02-11T20:50:16.954] [DEBUG] everything - ---------发送应答报文:4040000001591a1f0a0d0114010000000000000000000000000003c32323
[2020-02-11T20:50:26.761] [DEBUG] everything - 接收到SUM校验正确报文:4040000001591a1f0a0d01140100000000000000000000000800021c011a1f0a0d01144c2323
[2020-02-11T20:50:26.761] [DEBUG] everything - 解析数据:{
 "启动符": "@@",
 "业务流水号": "0000",
 "协议版本号": "0159",
 "时间标签": "2020年1月13日10时51分26秒",
 "原地址": "000000000001",
 "目的地址": "000000000000",
 "应用数据单元长度": "0008",
 "命令控制字": "02",
 "类型标志": "上传用户信息装置系统时间",
 "信息对象数目": "01",
 "信息对象1": "2020年1月13日10时51分26秒",
 "校验和": "4c",
 "结束符": "##"
}
[2020-02-11T20:50:26.762] [DEBUG] everything - ---------发送应答报文:4040000001591a1f0a0d0114010000000000000000000000000003c32323
[2020-02-11T20:50:40.102] [DEBUG] everything - 接收到SUM校验正确报文:4040000001591a1f0a0d01140100000000000000000000000800021c011a1f0a0d01144c2323
[2020-02-11T20:50:40.102] [DEBUG] everything - 解析数据:{
 "启动符": "@@",
 "业务流水号": "0000",
 "协议版本号": "0159",
 "时间标签": "2020年1月13日10时51分26秒",
 "原地址": "000000000001",
 "目的地址": "000000000000",
 "应用数据单元长度": "0008",
 "命令控制字": "02",
 "类型标志": "上传用户信息装置系统时间",
 "信息对象数目": "01",
 "信息对象1": "2020年1月13日10时51分26秒",
 "校验和": "4c",
 "结束符": "##"
}
[2020-02-11T20:50:40.103] [DEBUG] everything - ---------发送应答报文:4040000001591a1f0a0d0114010000000000000000000000000003c32323
[2020-02-11T20:50:43.133] [DEBUG] everything - 接收到SUM校验正确报文:4040000001591a1f0a0d01140100000000000000000000000800021c011a1f0a0d01144c2323
[2020-02-11T20:50:43.133] [DEBUG] everything - 解析数据:{
 "启动符": "@@",
 "业务流水号": "0000",
 "协议版本号": "0159",
 "时间标签": "2020年1月13日10时51分26秒",
 "原地址": "000000000001",
 "目的地址": "000000000000",
 "应用数据单元长度": "0008",
 "命令控制字": "02",
 "类型标志": "上传用户信息装置系统时间",
 "信息对象数目": "01",
 "信息对象1": "2020年1月13日10时51分26秒",
 "校验和": "4c",
 "结束符": "##"
}
[2020-02-11T20:50:43.133] [DEBUG] everything - ---------发送应答报文:4040000001591a1f0a0d0114010000000000000000000000000003c32323
[2020-02-11T20:52:04.416] [DEBUG] everything - 设备下线 OFF Line！ 
